Traceback (most recent call last):
  File "/home/aquathi/.local/share/pipx/venvs/jupyter-book/lib/python3.12/site-packages/jupyter_cache/executors/utils.py", line 58, in single_nb_execution
    executenb(
  File "/home/aquathi/.local/share/pipx/venvs/jupyter-book/lib/python3.12/site-packages/nbclient/client.py", line 1314, in execute
    return NotebookClient(nb=nb, resources=resources, km=km, **kwargs).execute()
           ^^^^^^^^^^^^^^^^^^^^^^^^^^^^^^^^^^^^^^^^^^^^^^^^^^^^^^^^^^^^^^^^^^^^^
  File "/home/aquathi/.local/share/pipx/venvs/jupyter-book/lib/python3.12/site-packages/jupyter_core/utils/__init__.py", line 165, in wrapped
    return loop.run_until_complete(inner)
           ^^^^^^^^^^^^^^^^^^^^^^^^^^^^^^
  File "/usr/lib/python3.12/asyncio/base_events.py", line 687, in run_until_complete
    return future.result()
           ^^^^^^^^^^^^^^^
  File "/home/aquathi/.local/share/pipx/venvs/jupyter-book/lib/python3.12/site-packages/nbclient/client.py", line 709, in async_execute
    await self.async_execute_cell(
  File "/home/aquathi/.local/share/pipx/venvs/jupyter-book/lib/python3.12/site-packages/nbclient/client.py", line 1062, in async_execute_cell
    await self._check_raise_for_error(cell, cell_index, exec_reply)
  File "/home/aquathi/.local/share/pipx/venvs/jupyter-book/lib/python3.12/site-packages/nbclient/client.py", line 918, in _check_raise_for_error
    raise CellExecutionError.from_cell_and_msg(cell, exec_reply_content)
nbclient.exceptions.CellExecutionError: An error occurred while executing the following cell:
------------------
def minmax(v, joueur, profondeur, h): # renvoie (valeur, coup)
    coups = coups_possibles(v, joueur)
    # si la profondeur est 0 ou s'il n'y a pas de coup possible, renvoyer (h(v), None)
    else:
        if joueur == 0:
            # stocker la meilleure valeur et le meilleur coup dans des variables
            for coup in coups:
                # jouer un coup (avec la fonction placer)
                # appel récursif pour obtenir la valeur du coup
                # retirer le coup
                # si la valeur du coup est meilleure que la meilleure valeur, mettre à jour la meilleure valeur et le meilleur coup
            # renvoyer la meilleure valeur et le meilleur coup
        else:
            # de même pour le joueur 1
------------------


[0;36m  Cell [0;32mIn[15], line 4[0;36m[0m
[0;31m    else:[0m
[0m    ^[0m
[0;31mSyntaxError[0m[0;31m:[0m invalid syntax


